#======================================================
#
# Synopsys Synthesis Scripts (Design Vision dctcl mode)
#
#======================================================
#======================================================
#  Set Libraries
#======================================================
#
#set search_path {./../01_RTL \
#                 ./../04_MEM/ \
#                                 /RAID2/COURSE/BackUp/2023_Spring/iclab/iclabta01/UMC018_CBDK/CIC/SynopsysDC/db/ \
#                 /~iclabta01/umc018/Synthesis/ }
#                 /usr/synthesis/libraries/syn/ \
#                  /usr/synthesis/dw/ }
#set synthetic_library {dw_foundation.sldb}
#set link_library {MYMEMORY_WC.db MEMORY2_WC.db fsa0m_a_generic_core_ss1p62v125c.db fsa0m_a_generic_core_ff1p98vm40c.db fsa0m_a_t33_generic_io_ss1p62v125c.db fsa0m_a_t33_generic_io_tt1p8v25c.db dw_foundation.sldb} 
#set target_library {slow.db}
#
#======================================================
# (A) Global Parameters
#======================================================
set DESIGN "TMIP"
TMIP
set CYCLE 8.9
8.9
set INPUT_DLY [expr 0.5*$CYCLE]
4.45
set OUTPUT_DLY [expr 0.5*$CYCLE]
4.45
#======================================================
# (B) Read RTL Code
#======================================================
# (B-1) analyze + elaborate
set hdlin_auto_save_templates TRUE
TRUE
analyze -f sverilog $DESIGN\.v 
Running PRESTO HDLC
Compiling source file ../01_RTL/TMIP.v
Presto compilation completed successfully.
Loading db file '/RAID2/COURSE/iclab/iclabTA01/UMC018_CBDK/CIC/SynopsysDC/db/fsa0m_a_generic_core_ss1p62v125c.db'
Loading db file '/RAID2/COURSE/iclab/iclabTA01/UMC018_CBDK/CIC/SynopsysDC/db/fsa0m_a_generic_core_ff1p98vm40c.db'
Loading db file '/RAID2/COURSE/iclab/iclabTA01/UMC018_CBDK/CIC/SynopsysDC/db/fsa0m_a_t33_generic_io_ss1p62v125c.db'
Loading db file '/RAID2/COURSE/iclab/iclabTA01/UMC018_CBDK/CIC/SynopsysDC/db/fsa0m_a_t33_generic_io_tt1p8v25c.db'
Loading db file '/RAID2/COURSE/iclab/iclab131/Lab11/04_MEM/MEM_gray_max_WC.db'
Loading db file '/usr/cad/synopsys/synthesis/cur/libraries/syn/dw_foundation.sldb'
Loading db file '/usr/cad/synopsys/synthesis/cur/libraries/syn/standard.sldb'
1
elaborate $DESIGN  
Loading db file '/usr/cad/synopsys/synthesis/2022.03/libraries/syn/gtech.db'
Loading db file '/usr/cad/synopsys/synthesis/2022.03/libraries/syn/standard.sldb'
  Loading link library 'fsa0m_a_generic_core_ss1p62v125c'
  Loading link library 'fsa0m_a_generic_core_ff1p98vm40c'
  Loading link library 'fsa0m_a_t33_generic_io_ss1p62v125c'
  Loading link library 'fsa0m_a_t33_generic_io_tt1p8v25c'
  Loading link library 'MEM_gray_max_WC'
  Loading link library 'gtech'
Running PRESTO HDLC
Warning:  ../01_RTL/TMIP.v:358: signed to unsigned assignment occurs. (VER-318)
Warning:  ../01_RTL/TMIP.v:554: signed to unsigned assignment occurs. (VER-318)
Warning:  ../01_RTL/TMIP.v:573: signed to unsigned conversion occurs. (VER-318)
Warning:  ../01_RTL/TMIP.v:574: signed to unsigned conversion occurs. (VER-318)
Warning:  ../01_RTL/TMIP.v:724: signed to unsigned assignment occurs. (VER-318)
Warning:  ../01_RTL/TMIP.v:741: signed to unsigned assignment occurs. (VER-318)
Warning:  ../01_RTL/TMIP.v:106: DEFAULT branch of CASE statement cannot be reached. (ELAB-311)

Statistics for case statements in always block at line 104 in file
        '../01_RTL/TMIP.v'
===============================================
|           Line           |  full/ parallel  |
===============================================
|           106            |    auto/auto     |
===============================================

Statistics for case statements in always block at line 151 in file
        '../01_RTL/TMIP.v'
===============================================
|           Line           |  full/ parallel  |
===============================================
|           153            |    auto/auto     |
===============================================

Statistics for case statements in always block at line 508 in file
        '../01_RTL/TMIP.v'
===============================================
|           Line           |  full/ parallel  |
===============================================
|           510            |    auto/auto     |
===============================================
Warning:  ../01_RTL/TMIP.v:573: Out of bounds bit select img[16], valid bounds are [0:15]. (ELAB-312)
Warning:  ../01_RTL/TMIP.v:573: Out of bounds bit select img[16], valid bounds are [0:15]. (ELAB-312)
Warning:  ../01_RTL/TMIP.v:573: Out of bounds bit select img[16], valid bounds are [0:15]. (ELAB-312)
Warning:  ../01_RTL/TMIP.v:573: Out of bounds bit select img[16], valid bounds are [0:15]. (ELAB-312)

Statistics for case statements in always block at line 636 in file
        '../01_RTL/TMIP.v'
===============================================
|           Line           |  full/ parallel  |
===============================================
|           638            |    auto/auto     |
===============================================

Inferred memory devices in process
        in routine TMIP line 96 in file
                '../01_RTL/TMIP.v'.
===============================================================================
|    Register Name    |   Type    | Width | Bus | MB | AR | AS | SR | SS | ST |
===============================================================================
|       c_s_reg       | Flip-flop |   3   |  Y  | N  | Y  | N  | N  | N  | N  |
===============================================================================

Inferred memory devices in process
        in routine TMIP line 135 in file
                '../01_RTL/TMIP.v'.
===============================================================================
|    Register Name    |   Type    | Width | Bus | MB | AR | AS | SR | SS | ST |
===============================================================================
|      addr_reg       | Flip-flop |   8   |  Y  | N  | Y  | N  | N  | N  | N  |
===============================================================================

Inferred memory devices in process
        in routine TMIP line 175 in file
                '../01_RTL/TMIP.v'.
===============================================================================
|    Register Name    |   Type    | Width | Bus | MB | AR | AS | SR | SS | ST |
===============================================================================
|       row_reg       | Flip-flop |   4   |  Y  | N  | Y  | N  | N  | N  | N  |
===============================================================================

Inferred memory devices in process
        in routine TMIP line 203 in file
                '../01_RTL/TMIP.v'.
===============================================================================
|    Register Name    |   Type    | Width | Bus | MB | AR | AS | SR | SS | ST |
===============================================================================
|       col_reg       | Flip-flop |   4   |  Y  | N  | Y  | N  | N  | N  | N  |
===============================================================================

Inferred memory devices in process
        in routine TMIP line 232 in file
                '../01_RTL/TMIP.v'.
===============================================================================
|    Register Name    |   Type    | Width | Bus | MB | AR | AS | SR | SS | ST |
===============================================================================
|      i_row_reg      | Flip-flop |   4   |  Y  | N  | Y  | N  | N  | N  | N  |
===============================================================================

Inferred memory devices in process
        in routine TMIP line 246 in file
                '../01_RTL/TMIP.v'.
===============================================================================
|    Register Name    |   Type    | Width | Bus | MB | AR | AS | SR | SS | ST |
===============================================================================
|      i_col_reg      | Flip-flop |   4   |  Y  | N  | Y  | N  | N  | N  | N  |
===============================================================================

Inferred memory devices in process
        in routine TMIP line 275 in file
                '../01_RTL/TMIP.v'.
===============================================================================
|    Register Name    |   Type    | Width | Bus | MB | AR | AS | SR | SS | ST |
===============================================================================
|     cal_cnt_reg     | Flip-flop |   9   |  Y  | N  | Y  | N  | N  | N  | N  |
===============================================================================

Inferred memory devices in process
        in routine TMIP line 293 in file
                '../01_RTL/TMIP.v'.
===============================================================================
|    Register Name    |   Type    | Width | Bus | MB | AR | AS | SR | SS | ST |
===============================================================================
|     out_cnt_reg     | Flip-flop |   3   |  Y  | N  | N  | Y  | N  | N  | N  |
|     out_cnt_reg     | Flip-flop |   2   |  Y  | N  | Y  | N  | N  | N  | N  |
===============================================================================

Inferred memory devices in process
        in routine TMIP line 316 in file
                '../01_RTL/TMIP.v'.
===============================================================================
|    Register Name    |   Type    | Width | Bus | MB | AR | AS | SR | SS | ST |
===============================================================================
|    out_valid_reg    | Flip-flop |   1   |  N  | N  | Y  | N  | N  | N  | N  |
===============================================================================

Inferred memory devices in process
        in routine TMIP line 326 in file
                '../01_RTL/TMIP.v'.
===============================================================================
|    Register Name    |   Type    | Width | Bus | MB | AR | AS | SR | SS | ST |
===============================================================================
|    out_value_reg    | Flip-flop |   1   |  N  | N  | Y  | N  | N  | N  | N  |
===============================================================================

Inferred memory devices in process
        in routine TMIP line 345 in file
                '../01_RTL/TMIP.v'.
===============================================================================
|    Register Name    |   Type    | Width | Bus | MB | AR | AS | SR | SS | ST |
===============================================================================
|    A67_shift_reg    | Flip-flop |  256  |  Y  | N  | N  | N  | N  | N  | N  |
===============================================================================

Inferred memory devices in process
        in routine TMIP line 497 in file
                '../01_RTL/TMIP.v'.
===============================================================================
|    Register Name    |   Type    | Width | Bus | MB | AR | AS | SR | SS | ST |
===============================================================================
|     act_ptr_reg     | Flip-flop |   2   |  Y  | N  | Y  | N  | N  | N  | N  |
|     act_ptr_reg     | Flip-flop |   1   |  N  | N  | N  | Y  | N  | N  | N  |
===============================================================================

Inferred memory devices in process
        in routine TMIP line 555 in file
                '../01_RTL/TMIP.v'.
===============================================================================
|    Register Name    |   Type    | Width | Bus | MB | AR | AS | SR | SS | ST |
===============================================================================
|   act_delay1_reg    | Flip-flop |   1   |  N  | N  | N  | N  | N  | N  | N  |
|   act_delay2_reg    | Flip-flop |   1   |  N  | N  | N  | N  | N  | N  | N  |
===============================================================================

Inferred memory devices in process
        in routine TMIP line 562 in file
                '../01_RTL/TMIP.v'.
===============================================================================
|    Register Name    |   Type    | Width | Bus | MB | AR | AS | SR | SS | ST |
===============================================================================
|       img_reg       | Flip-flop | 2048  |  Y  | N  | N  | N  | N  | N  | N  |
===============================================================================

Inferred memory devices in process
        in routine TMIP line 650 in file
                '../01_RTL/TMIP.v'.
===============================================================================
|    Register Name    |   Type    | Width | Bus | MB | AR | AS | SR | SS | ST |
===============================================================================
|     act_cnt_reg     | Flip-flop |   3   |  Y  | N  | Y  | N  | N  | N  | N  |
===============================================================================

Inferred memory devices in process
        in routine TMIP line 659 in file
                '../01_RTL/TMIP.v'.
===============================================================================
|    Register Name    |   Type    | Width | Bus | MB | AR | AS | SR | SS | ST |
===============================================================================
|       act_reg       | Flip-flop |  24   |  Y  | N  | Y  | N  | N  | N  | N  |
===============================================================================

Inferred memory devices in process
        in routine TMIP line 676 in file
                '../01_RTL/TMIP.v'.
===============================================================================
|    Register Name    |   Type    | Width | Bus | MB | AR | AS | SR | SS | ST |
===============================================================================
|     set_cnt_reg     | Flip-flop |   4   |  Y  | N  | Y  | N  | N  | N  | N  |
===============================================================================

Inferred memory devices in process
        in routine TMIP line 691 in file
                '../01_RTL/TMIP.v'.
===============================================================================
|    Register Name    |   Type    | Width | Bus | MB | AR | AS | SR | SS | ST |
===============================================================================
|     in_cnt_reg      | Flip-flop |   2   |  Y  | N  | Y  | N  | N  | N  | N  |
===============================================================================

Inferred memory devices in process
        in routine TMIP line 700 in file
                '../01_RTL/TMIP.v'.
===============================================================================
|    Register Name    |   Type    | Width | Bus | MB | AR | AS | SR | SS | ST |
===============================================================================
|    temp_cnt_reg     | Flip-flop |   4   |  Y  | N  | Y  | N  | N  | N  | N  |
===============================================================================

Inferred memory devices in process
        in routine TMIP line 710 in file
                '../01_RTL/TMIP.v'.
===============================================================================
|    Register Name    |   Type    | Width | Bus | MB | AR | AS | SR | SS | ST |
===============================================================================
|    rgb_value_reg    | Flip-flop |  24   |  Y  | N  | Y  | N  | N  | N  | N  |
===============================================================================

Inferred memory devices in process
        in routine TMIP line 736 in file
                '../01_RTL/TMIP.v'.
===============================================================================
|    Register Name    |   Type    | Width | Bus | MB | AR | AS | SR | SS | ST |
===============================================================================
|  img_size_hold_reg  | Flip-flop |   8   |  Y  | N  | Y  | N  | N  | N  | N  |
===============================================================================

Inferred memory devices in process
        in routine TMIP line 744 in file
                '../01_RTL/TMIP.v'.
===============================================================================
|    Register Name    |   Type    | Width | Bus | MB | AR | AS | SR | SS | ST |
===============================================================================
|    img_size_reg     | Flip-flop |   8   |  Y  | N  | Y  | N  | N  | N  | N  |
===============================================================================

Inferred memory devices in process
        in routine TMIP line 754 in file
                '../01_RTL/TMIP.v'.
===============================================================================
|    Register Name    |   Type    | Width | Bus | MB | AR | AS | SR | SS | ST |
===============================================================================
| template_store_reg  | Flip-flop |  72   |  Y  | N  | Y  | N  | N  | N  | N  |
===============================================================================
Statistics for MUX_OPs
======================================================
| block name/line  | Inputs | Outputs | # sel inputs |
======================================================
|     TMIP/120     |   8    |    3    |      3       |
|     TMIP/364     |   16   |   128   |      4       |
|     TMIP/364     |   16   |   176   |      4       |
|     TMIP/366     |   16   |    8    |      4       |
|     TMIP/369     |   16   |    8    |      4       |
|     TMIP/370     |   16   |   128   |      4       |
|     TMIP/371     |   16   |   128   |      4       |
|     TMIP/372     |   16   |   128   |      4       |
|     TMIP/372     |   16   |    8    |      4       |
|     TMIP/376     |   16   |    8    |      4       |
|     TMIP/379     |   16   |    8    |      4       |
|     TMIP/382     |   16   |   128   |      4       |
|     TMIP/382     |   16   |    8    |      4       |
|     TMIP/383     |   16   |   128   |      4       |
|     TMIP/384     |   16   |   128   |      4       |
|     TMIP/388     |   16   |   128   |      4       |
|     TMIP/389     |   16   |   128   |      4       |
|     TMIP/390     |   16   |   128   |      4       |
|     TMIP/390     |   16   |    8    |      4       |
|     TMIP/393     |   16   |    8    |      4       |
|     TMIP/396     |   16   |    8    |      4       |
|     TMIP/400     |   16   |   128   |      4       |
|     TMIP/400     |   16   |    8    |      4       |
|     TMIP/401     |   16   |   128   |      4       |
|     TMIP/402     |   16   |   128   |      4       |
|     TMIP/403     |   16   |    8    |      4       |
|     TMIP/406     |   16   |    8    |      4       |
|     TMIP/412     |   16   |    8    |      4       |
|     TMIP/414     |   16   |    8    |      4       |
|     TMIP/415     |   16   |    8    |      4       |
|     TMIP/417     |   16   |    8    |      4       |
|     TMIP/418     |   16   |   128   |      4       |
|     TMIP/418     |   16   |    8    |      4       |
|     TMIP/419     |   16   |   128   |      4       |
|     TMIP/420     |   16   |   128   |      4       |
|     TMIP/420     |   16   |    8    |      4       |
|     TMIP/424     |   16   |   128   |      4       |
|     TMIP/424     |   16   |    8    |      4       |
|     TMIP/425     |   16   |   128   |      4       |
|     TMIP/426     |   16   |   128   |      4       |
|     TMIP/426     |   16   |    8    |      4       |
|     TMIP/427     |   16   |    8    |      4       |
|     TMIP/429     |   16   |    8    |      4       |
|     TMIP/430     |   16   |    8    |      4       |
|     TMIP/432     |   16   |    8    |      4       |
|     TMIP/436     |   16   |   128   |      4       |
|     TMIP/437     |   16   |   128   |      4       |
|     TMIP/438     |   16   |   128   |      4       |
|     TMIP/438     |   16   |    8    |      4       |
|     TMIP/441     |   16   |    8    |      4       |
|     TMIP/442     |   16   |   128   |      4       |
|     TMIP/443     |   16   |   128   |      4       |
|     TMIP/444     |   16   |   128   |      4       |
|     TMIP/444     |   16   |    8    |      4       |
|     TMIP/448     |   16   |   128   |      4       |
|     TMIP/448     |   16   |    8    |      4       |
|     TMIP/449     |   16   |   128   |      4       |
|     TMIP/450     |   16   |   128   |      4       |
|     TMIP/451     |   16   |    8    |      4       |
|     TMIP/454     |   16   |   128   |      4       |
|     TMIP/454     |   16   |    8    |      4       |
|     TMIP/455     |   16   |   128   |      4       |
|     TMIP/456     |   16   |   128   |      4       |
|     TMIP/460     |   16   |   128   |      4       |
|     TMIP/460     |   16   |    8    |      4       |
|     TMIP/461     |   16   |   128   |      4       |
|     TMIP/462     |   16   |   128   |      4       |
|     TMIP/462     |   16   |    8    |      4       |
|     TMIP/463     |   16   |    8    |      4       |
|     TMIP/465     |   16   |    8    |      4       |
|     TMIP/466     |   16   |   128   |      4       |
|     TMIP/466     |   16   |    8    |      4       |
|     TMIP/467     |   16   |   128   |      4       |
|     TMIP/468     |   16   |   128   |      4       |
|     TMIP/468     |   16   |    8    |      4       |
|     TMIP/486     |   16   |    8    |      4       |
|     TMIP/487     |   16   |   128   |      4       |
|     TMIP/488     |   16   |   128   |      4       |
|     TMIP/488     |   16   |    8    |      4       |
|     TMIP/612     |   32   |    8    |      5       |
======================================================
Presto compilation completed successfully. (TMIP)
Elaborated 1 design.
Current design is now 'TMIP'.
Information: Building the design 'CC'. (HDL-193)

Inferred memory devices in process
        in routine CC line 782 in file
                '../01_RTL/TMIP.v'.
===============================================================================
|    Register Name    |   Type    | Width | Bus | MB | AR | AS | SR | SS | ST |
===============================================================================
|       mul_reg       | Flip-flop |  144  |  Y  | N  | N  | N  | N  | N  | N  |
===============================================================================
Presto compilation completed successfully. (CC)
Information: Building the design 'SORT'. (HDL-193)
Presto compilation completed successfully. (SORT)
Information: Building the design 'SRAM_image'. (HDL-193)

Inferred memory devices in process
        in routine SRAM_image line 835 in file
                '../01_RTL/TMIP.v'.
===============================================================================
|    Register Name    |   Type    | Width | Bus | MB | AR | AS | SR | SS | ST |
===============================================================================
|       DO_reg        | Flip-flop |   8   |  Y  | N  | N  | N  | N  | N  | N  |
===============================================================================
Presto compilation completed successfully. (SRAM_image)
1
# (B-2) read_sverilog
#read_sverilog $DESIGN\.v
# (B-3) set current design
current_design $DESIGN
Current design is 'TMIP'.
{TMIP}
link

  Linking design 'TMIP'
  Using the following designs and libraries:
  --------------------------------------------------------------------------
  * (4 designs)               /RAID2/COURSE/iclab/iclab131/Lab11/02_SYN/TMIP.db, etc
  fsa0m_a_generic_core_ss1p62v125c (library) /RAID2/COURSE/iclab/iclabTA01/UMC018_CBDK/CIC/SynopsysDC/db/fsa0m_a_generic_core_ss1p62v125c.db
  fsa0m_a_generic_core_ff1p98vm40c (library) /RAID2/COURSE/iclab/iclabTA01/UMC018_CBDK/CIC/SynopsysDC/db/fsa0m_a_generic_core_ff1p98vm40c.db
  fsa0m_a_t33_generic_io_ss1p62v125c (library) /RAID2/COURSE/iclab/iclabTA01/UMC018_CBDK/CIC/SynopsysDC/db/fsa0m_a_t33_generic_io_ss1p62v125c.db
  fsa0m_a_t33_generic_io_tt1p8v25c (library) /RAID2/COURSE/iclab/iclabTA01/UMC018_CBDK/CIC/SynopsysDC/db/fsa0m_a_t33_generic_io_tt1p8v25c.db
  MEM_gray_max_WC (library)   /RAID2/COURSE/iclab/iclab131/Lab11/04_MEM/MEM_gray_max_WC.db
  dw_foundation.sldb (library) /usr/cad/synopsys/synthesis/cur/libraries/syn/dw_foundation.sldb

1
#======================================================
#  (C) Global Setting
#======================================================
set_wire_load_mode top
1
set_operating_conditions -max WCCOM -min BCCOM
Using operating conditions 'WCCOM' found in library 'fsa0m_a_generic_core_ss1p62v125c'.
Using operating conditions 'BCCOM' found in library 'fsa0m_a_generic_core_ff1p98vm40c'.
1
set_wire_load_model -name G5K -library fsa0m_a_generic_core_ss1p62v125c
1
#======================================================
#  (D) Set Design Constraints
#======================================================
# (D-1) Setting Clock Constraints
create_clock -name clk -period $CYCLE [get_ports clk] 
1
set_dont_touch_network             [get_clocks clk]
1
set_fix_hold                       [get_clocks clk]
1
set_clock_uncertainty       0.1    [get_clocks clk]
1
# set_clock_latency   -source 0      [get_clocks clk]
# set_clock_latency           1      [get_clocks clk] 
set_input_transition        0.5    [all_inputs] 
1
set_clock_transition        0.1    [all_clocks] 
1
# (D-2) Setting in/out Constraints
set_input_delay   -max  $INPUT_DLY  -clock clk   [all_inputs] ;  # set_up time check 
1
set_input_delay   -min  0           -clock clk   [all_inputs] ;  # hold   time check 
1
set_output_delay  -max  $OUTPUT_DLY -clock clk   [all_outputs] ; # set_up time check 
1
set_output_delay  -min  0           -clock clk   [all_outputs] ; # hold   time check 
1
set_input_delay 0 -clock clk clk
1
set_input_delay 0 -clock clk rst_n
1
#set_max_delay $CYCLE -from [all_inputs] -to [all_outputs]
# (D-3) Setting Design Environment
# set_driving_cell -library umc18io3v5v_slow -lib_cell P2C    -pin {Y}  [get_ports clk]
# set_driving_cell -library umc18io3v5v_slow -lib_cell P2C    -pin {Y}  [remove_from_collection [all_inputs] [get_ports clk]]
# set_load  [load_of "umc18io3v5v_slow/P8C/A"]       [all_outputs] ; # ~= 0.038
set_load 0.05 [all_outputs]
1
# (D-4) Setting DRC Constraint
#set_max_delay           0     ; # Optimize delay max effort                 
#set_max_area            0      ; # Optimize area max effort           
set_max_transition      3       [all_inputs]   ; # U18 LUT Max Transition Value  
1
set_max_capacitance     0.15    [all_inputs]   ; # U18 LUT Max Capacitance Value
1
set_max_fanout          10      [all_inputs]
1
# set_dont_use slow/JKFF*
#set_dont_touch [get_cells core_reg_macro]
#set hdlin_ff_always_sync_set_reset true
# (D-5) Report Clock skew
report_clock -skew clk
Information: Checking out the license 'DesignWare'. (SEC-104)
  Allocating blocks in 'DW_div_uns_a_width10_b_width2'
  Allocating blocks in 'DW_div_a_width10_b_width2_tc_mode0_rem_mode1'
Information: Changed wire load model for 'alt1' from '(none)' to 'G5K'. (OPT-170)
Information: Changed wire load model for 'pparch' from '(none)' to 'G5K'. (OPT-170)
Information: Changed wire load model for 'alt1' from '(none)' to 'G5K'. (OPT-170)
Information: Changed wire load model for 'pparch' from '(none)' to 'G5K'. (OPT-170)
Warning: Design 'DW_div_uns_a_width10_b_width2' inherited license information from design 'DW_div_a_width10_b_width2_tc_mode0_rem_mode1'. (DDB-74)
Information: Changed wire load model for 'alt1' from '(none)' to 'G5K'. (OPT-170)
Information: Changed wire load model for 'astr' from '(none)' to 'G5K'. (OPT-170)
Information: Changed wire load model for 'alt1' from '(none)' to 'G5K'. (OPT-170)
Information: Changed wire load model for 'apparch' from '(none)' to 'G5K'. (OPT-170)
Information: Updating design information... (UID-85)
Warning: Design 'TMIP' contains 4 high-fanout nets. A fanout number of 1000 will be used for delay calculations involving these nets. (TIM-134)
 
****************************************
Report : clock_skew
Design : TMIP
Version: T-2022.03
Date   : Thu Nov 28 12:51:49 2024
****************************************

                 Rise      Fall  Min Rise  Min fall        Uncertainty
Object          Delay     Delay     Delay     Delay     Plus      Minus
--------------------------------------------------------------------------------
clk                 -         -         -         -      0.10      0.10

                 Max Transition      Min Transition
Object           Rise      Fall      Rise      Fall
-------------------------------------------------------
clk              0.10      0.10      0.10      0.10
1
check_timing

Information: Checking generated_clocks...

Information: Checking loops...

Information: Checking no_input_delay...

Information: Checking unconstrained_endpoints...

Warning: The following end-points are not constrained for maximum delay.

End point
---------------
img_size_hold_reg[0]/next_state
img_size_hold_reg[1]/next_state
img_size_hold_reg[6]/next_state
img_size_hold_reg[7]/next_state

Information: Checking pulse_clock_cell_type...

Information: Checking no_driving_cell...

Information: Checking partial_input_delay...
1
#======================================================
#  (E) Optimization
#======================================================
check_design > Report/$DESIGN\.check
set_fix_multiple_port_nets -all -buffer_constants [get_designs *]
1
set_fix_hold [all_clocks]
1
compile_ultra
Information: Performing power optimization. (PWR-850)
Alib files are up-to-date.
Information: Running optimization using a maximum of 8 cores. (OPT-1500)
Information: Evaluating DesignWare library utilization. (UISN-27)

============================================================================
| DesignWare Building Block Library  |         Version         | Available |
============================================================================
| Basic DW Building Blocks           | S-2021.06-DWBB_202106.0 |     *     |
| Licensed DW Building Blocks        | S-2021.06-DWBB_202106.0 |     *     |
============================================================================

====================================================================================================
| Flow Information                                                                                 |
----------------------------------------------------------------------------------------------------
| Flow         | Design Compiler NXT WLM                                                           |
| Comand line  | compile_ultra                                                                     |
====================================================================================================
| Design Information                                      | Value                                  |
====================================================================================================
| Number of Scenarios                                     | 0                                      |
| Leaf Cell Count                                         | 8898                                   |
| Number of User Hierarchies                              | 5                                      |
| Sequential Cell Count                                   | 2672                                   |
| Macro Count                                             | 0                                      |
| Number of Power Domains                                 | 0                                      |
| Number of Path Groups                                   | 2                                      |
| Number of VT class                                      | 0                                      |
| Number of Clocks                                        | 1                                      |
| Number of Dont Touch cells                              | 1460                                   |
| Number of Dont Touch nets                               | 5                                      |
| Number of size only cells                               | 0                                      |
| Design with UPF Data                                    | false                                  |
----------------------------------------------------------------------------------------------------
| Variables                                               | Value                                  |
----------------------------------------------------------------------------------------------------
| set_fix_multiple_port_nets                              | -all -buffer_constants                 |
====================================================================================================
Information: Sequential output inversion is enabled.  SVF file must be used for formal verification. (OPT-1208)

Information: There are 96 potential problems in your design. Please run 'check_design' for more information. (LINT-99)

Information: Uniquified 3 instances of design 'SRAM_image'. (OPT-1056)
  Simplifying Design 'TMIP'

  Loading target library 'fsa0m_a_generic_core_ff1p98vm40c'
  Loading target library 'fsa0m_a_t33_generic_io_ss1p62v125c'
  Loading target library 'fsa0m_a_t33_generic_io_tt1p8v25c'
  Loading target library 'MEM_gray_max_WC'
Loaded alib file './alib-52/fsa0m_a_generic_core_ss1p62v125c.db.alib'
Loaded alib file './alib-52/fsa0m_a_generic_core_ff1p98vm40c.db.alib'
Loaded alib file './alib-52/fsa0m_a_t33_generic_io_ss1p62v125c.db.alib' (placeholder)
Loaded alib file './alib-52/fsa0m_a_t33_generic_io_tt1p8v25c.db.alib' (placeholder)
Loaded alib file './alib-52/MEM_gray_max_WC.db.alib' (placeholder)
Warning: Operating condition WCCOM set on design TMIP has different process,
voltage and temperatures parameters than the parameters at which target library 
fsa0m_a_generic_core_ff1p98vm40c is characterized. Delays may be inaccurate as a result. (OPT-998)
  Building model 'DW01_NAND2'
Information: Ungrouping hierarchy PE before Pass 1 (OPT-776)
Information: Ungrouping hierarchy maxpool before Pass 1 (OPT-776)
Information: Ungrouping hierarchy m0 before Pass 1 (OPT-776)
Information: Ungrouping hierarchy m2 before Pass 1 (OPT-776)
Information: Ungrouping hierarchy m1 before Pass 1 (OPT-776)
Information: Ungrouping 5 of 6 hierarchies before Pass 1 (OPT-775)
Information: State dependent leakage is now switched from on to off.

  Beginning Pass 1 Mapping
  ------------------------
  Processing 'TMIP'
Information: Added key list 'DesignWare' to design 'TMIP'. (DDB-72)
Information: In design 'TMIP', the register 'img_size_hold_reg[7]' is removed because it is merged to 'img_size_hold_reg[6]'. (OPT-1215)
 Implement Synthetic for 'TMIP'.
  Processing 'TMIP_DW_div_uns_J1_0'
Information: The register 'img_size_hold_reg[0]' is a constant and will be removed. (OPT-1206)
Information: The register 'img_size_hold_reg[6]' is a constant and will be removed. (OPT-1206)
Information: The register 'img_size_hold_reg[1]' is a constant and will be removed. (OPT-1206)

  Updating timing information
Information: Updating design information... (UID-85)
Information: The library cell 'TIE1' in the library 'fsa0m_a_generic_core_ss1p62v125c' is not characterized for internal power. (PWR-536)
Information: The library cell 'TIE0' in the library 'fsa0m_a_generic_core_ss1p62v125c' is not characterized for internal power. (PWR-536)
Information: The library cell 'BHD1' in the library 'fsa0m_a_generic_core_ss1p62v125c' is not characterized for internal power. (PWR-536)
Information: The target library(s) contains cell(s), other than black boxes, that are not characterized for internal power. (PWR-24)
Information: The register 'img_size_reg[7]' is a constant and will be removed. (OPT-1206)
Information: The register 'img_size_reg[6]' is a constant and will be removed. (OPT-1206)

  Beginning Mapping Optimizations  (Ultra High effort)
  -------------------------------
  Mapping Optimization (Phase 1)
  Mapping Optimization (Phase 2)

                                  TOTAL                                                            
   ELAPSED            WORST NEG   SETUP    DESIGN                              LEAKAGE   MIN DELAY 
    TIME      AREA      SLACK     COST    RULE COST         ENDPOINT            POWER      COST    
  --------- --------- --------- --------- --------- ------------------------- --------- -----------
    0:05:10 2046763.0      0.50     607.7       0.0                           151440064.0000      0.00  
    0:05:15 2033510.7      3.40    6770.3    2317.6                           150546656.0000      0.00  

  Beginning Constant Register Removal
  -----------------------------------
    0:05:19 1759684.5      1.07    1454.9       3.8                           129024480.0000      0.00  
    0:05:24 1238424.1      0.94    1369.5       0.0                           102793104.0000      0.00  

  Beginning Global Optimizations
  ------------------------------
  Numerical Synthesis (Phase 1)
  Numerical Synthesis (Phase 2)
  Global Optimization (Phase 1)
  Global Optimization (Phase 2)
  Global Optimization (Phase 3)
  Global Optimization (Phase 4)
  Global Optimization (Phase 5)
  Global Optimization (Phase 6)
  Global Optimization (Phase 7)
  Global Optimization (Phase 8)
  Global Optimization (Phase 9)
  Global Optimization (Phase 10)
  Global Optimization (Phase 11)
  Global Optimization (Phase 12)
  Global Optimization (Phase 13)
  Global Optimization (Phase 14)
  Global Optimization (Phase 15)
  Global Optimization (Phase 16)
  Global Optimization (Phase 17)
  Global Optimization (Phase 18)
  Global Optimization (Phase 19)
  Global Optimization (Phase 20)
  Global Optimization (Phase 21)
  Global Optimization (Phase 22)
  Global Optimization (Phase 23)
  Global Optimization (Phase 24)
  Global Optimization (Phase 25)
  Global Optimization (Phase 26)
  Global Optimization (Phase 27)
  Global Optimization (Phase 28)
  Global Optimization (Phase 29)
  Global Optimization (Phase 30)
  Global Optimization (Phase 31)
  Global Optimization (Phase 32)

  Beginning Isolate Ports
  -----------------------

  Beginning Delay Optimization
  ----------------------------
    0:05:34  652989.7      1.01     948.2       2.9                           45052488.0000      0.00  
    0:05:35  656795.7      0.00       0.0      27.2                           45382100.0000      0.00  
    0:05:35  656795.7      0.00       0.0      27.2                           45382100.0000      0.00  
    0:05:38  650671.1      0.00       0.0      27.2                           45825456.0000      0.00  
    0:05:41  650364.9      0.00       0.0      27.2                           45805648.0000      0.00  
    0:05:53  650280.5      0.58     931.4      27.2                           45798432.0000      0.00  

  Beginning WLM Backend Optimization
  --------------------------------------
    0:06:00  639343.7      0.54     682.5      27.2                           44628964.0000      0.00  
    0:06:02  629131.9      0.08      40.5      27.2                           43518620.0000      0.00  
    0:06:03  628835.0      0.00       0.0      27.2                           43500616.0000      0.00  
    0:06:03  628835.0      0.00       0.0      27.2                           43500616.0000      0.00  
    0:06:05  622004.2      0.00       0.0      22.1                           42800924.0000      0.00  
    0:06:05  622004.2      0.00       0.0      22.1                           42800924.0000      0.00  
    0:06:05  622004.2      0.00       0.0      22.1                           42800924.0000      0.00  
    0:06:05  622004.2      0.00       0.0      22.1                           42800924.0000      0.00  
    0:06:05  622004.2      0.00       0.0      22.1                           42800924.0000      0.00  
    0:06:05  622004.2      0.00       0.0      22.1                           42800924.0000      0.00  
    0:06:05  622004.2      0.00       0.0      22.1                           42800924.0000      0.00  
    0:06:05  622004.2      0.00       0.0      22.1                           42800924.0000      0.00  
    0:06:05  622004.2      0.00       0.0      22.1                           42800924.0000      0.00  
    0:06:05  622004.2      0.00       0.0      22.1                           42800924.0000      0.00  
    0:06:05  622004.2      0.00       0.0      22.1                           42800924.0000      0.00  
    0:06:05  622004.2      0.00       0.0      22.1                           42800924.0000      0.00  
    0:06:05  622004.2      0.00       0.0      22.1                           42800924.0000      0.00  
    0:06:05  622004.2      0.00       0.0      22.1                           42800924.0000      0.00  
    0:06:05  622004.2      0.00       0.0      22.1                           42800924.0000      0.00  
    0:06:05  622004.2      0.00       0.0      22.1                           42800924.0000      0.00  
    0:06:05  622004.2      0.00       0.0      22.1                           42800924.0000      0.00  
    0:06:05  622004.2      0.00       0.0      22.1                           42800924.0000      0.00  
    0:06:05  622004.2      0.00       0.0      22.1                           42800924.0000      0.00  


  Beginning Design Rule Fixing  (max_fanout)  (max_capacitance)
  ----------------------------

                                  TOTAL                                                            
   ELAPSED            WORST NEG   SETUP    DESIGN                              LEAKAGE   MIN DELAY 
    TIME      AREA      SLACK     COST    RULE COST         ENDPOINT            POWER      COST    
  --------- --------- --------- --------- --------- ------------------------- --------- -----------
    0:06:05  622004.2      0.00       0.0      22.1                           42800924.0000      0.00  
  Global Optimization (Phase 33)
  Global Optimization (Phase 34)
  Global Optimization (Phase 35)
    0:06:05  622016.7      0.00       0.0       0.0                           42801676.0000      0.00  
    0:06:05  622016.7      0.00       0.0       0.0                           42801676.0000      0.00  


  Beginning Leakage Power Optimization  (max_leakage_power 0)
  ------------------------------------

                                  TOTAL                                                            
   ELAPSED            WORST NEG   SETUP    DESIGN                              LEAKAGE   MIN DELAY 
    TIME      AREA      SLACK     COST    RULE COST         ENDPOINT            POWER      COST    
  --------- --------- --------- --------- --------- ------------------------- --------- -----------
    0:06:05  622016.7      0.00       0.0       0.0                           42801676.0000      0.00  
  Global Optimization (Phase 36)
  Global Optimization (Phase 37)
  Global Optimization (Phase 38)
  Global Optimization (Phase 39)
  Global Optimization (Phase 40)
  Global Optimization (Phase 41)
  Global Optimization (Phase 42)
  Global Optimization (Phase 43)
  Global Optimization (Phase 44)
  Global Optimization (Phase 45)
  Global Optimization (Phase 46)
  Global Optimization (Phase 47)
  Global Optimization (Phase 48)
  Global Optimization (Phase 49)
  Global Optimization (Phase 50)
  Global Optimization (Phase 51)
    0:06:17  620469.9      0.00       0.0       0.0                           42370976.0000      0.00  
    0:06:17  620469.9      0.00       0.0       0.0                           42370976.0000      0.00  
    0:06:17  620469.9      0.00       0.0       0.0                           42370976.0000      0.00  
    0:06:19  614723.4      0.00       0.0       0.0                           41729788.0000      0.00  
    0:06:19  614723.4      0.00       0.0       0.0                           41729788.0000      0.00  
    0:06:19  614723.4      0.00       0.0       0.0                           41729788.0000      0.00  
    0:06:19  614723.4      0.00       0.0       0.0                           41729788.0000      0.00  
    0:06:19  614723.4      0.00       0.0       0.0                           41729788.0000      0.00  
    0:06:19  614723.4      0.00       0.0       0.0                           41729788.0000      0.00  
    0:06:19  614723.4      0.00       0.0       0.0                           41729788.0000      0.00  
    0:06:19  614723.4      0.00       0.0       0.0                           41729788.0000      0.00  
    0:06:19  614723.4      0.00       0.0       0.0                           41729788.0000      0.00  
    0:06:19  614723.4      0.00       0.0       0.0                           41729788.0000      0.00  
    0:06:19  614723.4      0.00       0.0       0.0                           41729788.0000      0.00  
    0:06:19  614723.4      0.00       0.0       0.0                           41729788.0000      0.00  
    0:06:19  614723.4      0.00       0.0       0.0                           41729788.0000      0.00  
    0:06:19  614723.4      0.00       0.0       0.0                           41729788.0000      0.00  
    0:06:19  614723.4      0.00       0.0       0.0                           41729788.0000      0.00  
    0:06:19  614723.4      0.00       0.0       0.0                           41729788.0000      0.00  
    0:06:19  614723.4      0.00       0.0       0.0                           41729788.0000      0.00  
    0:06:19  614723.4      0.00       0.0       0.0                           41729788.0000      0.00  
    0:06:19  614723.4      0.00       0.0       0.0                           41729788.0000      0.00  

                                  TOTAL                                                            
   ELAPSED            WORST NEG   SETUP    DESIGN                              LEAKAGE   MIN DELAY 
    TIME      AREA      SLACK     COST    RULE COST         ENDPOINT            POWER      COST    
  --------- --------- --------- --------- --------- ------------------------- --------- -----------
    0:06:20  614723.4      0.00       0.0       0.0                           41729788.0000      0.00  
    0:06:22  611179.9      0.00       0.0       0.0                           41454760.0000      0.00  
    0:06:22  611158.0      0.00       0.0       0.0                           41451504.0000      0.00  
    0:06:22  611158.0      0.00       0.0       0.0                           41451504.0000      0.00  
    0:06:23  610751.8      0.00       0.0       0.0                           41410916.0000      0.00  
    0:06:27  608564.4      0.00       0.0       0.0                           41204088.0000      0.00  
    0:06:27  608564.4      0.00       0.0       0.0                           41204088.0000      0.00  
    0:06:27  608564.4      0.00       0.0       0.0                           41204088.0000      0.00  
    0:06:27  608564.4      0.00       0.0       0.0                           41204088.0000      0.00  
    0:06:27  608564.4      0.00       0.0       0.0                           41204088.0000      0.00  
    0:06:27  608564.4      0.00       0.0       0.0                           41204088.0000      0.00  
    0:06:29  606052.1      0.00       0.0       0.0                           40998528.0000      0.00  
Loading db file '/RAID2/COURSE/iclab/iclabTA01/UMC018_CBDK/CIC/SynopsysDC/db/fsa0m_a_generic_core_ss1p62v125c.db'
Loading db file '/RAID2/COURSE/iclab/iclabTA01/UMC018_CBDK/CIC/SynopsysDC/db/fsa0m_a_generic_core_ff1p98vm40c.db'
Loading db file '/RAID2/COURSE/iclab/iclabTA01/UMC018_CBDK/CIC/SynopsysDC/db/fsa0m_a_t33_generic_io_ss1p62v125c.db'
Loading db file '/RAID2/COURSE/iclab/iclabTA01/UMC018_CBDK/CIC/SynopsysDC/db/fsa0m_a_t33_generic_io_tt1p8v25c.db'
Loading db file '/RAID2/COURSE/iclab/iclab131/Lab11/04_MEM/MEM_gray_max_WC.db'


Note: Symbol # after min delay cost means estimated hold TNS across all active scenarios 


  Optimization Complete
  ---------------------
Warning: Design 'TMIP' contains 1 high-fanout nets. A fanout number of 1000 will be used for delay calculations involving these nets. (TIM-134)
     Net 'clk': 2666 load(s), 1 driver(s)
  Loading target library 'fsa0m_a_generic_core_ff1p98vm40c'
  Loading target library 'fsa0m_a_t33_generic_io_ss1p62v125c'
  Loading target library 'fsa0m_a_t33_generic_io_tt1p8v25c'
  Loading target library 'MEM_gray_max_WC'
Information: State dependent leakage is now switched from off to on.
Information: Propagating switching activity (low effort zero delay simulation). (PWR-6)
Warning: Design has unannotated black box outputs. (PWR-428)
1
#uniquify
#compile
#======================================================
#  (F) Output Reports 
#======================================================
report_design  >  Report/$DESIGN\.design
report_resource >  Report/$DESIGN\.resource
report_timing -max_paths 3 >  Report/$DESIGN\.timing
report_area >  Report/$DESIGN\.area
report_power > Report/$DESIGN\.power
report_clock > Report/$DESIGN\.clock
report_port >  Report/$DESIGN\.port
report_power >  Report/$DESIGN\.power
#report_reference > Report/$DESIGN\.reference
#======================================================
#  (G) Change Naming Rule
#======================================================
set bus_inference_style "%s\[%d\]"
%s[%d]
set bus_naming_style "%s\[%d\]"
%s[%d]
set hdlout_internal_busses true
true
change_names -hierarchy -rule verilog
1
define_name_rules name_rule -allowed "a-z A-Z 0-9 _" -max_length 255 -type cell
1
define_name_rules name_rule -allowed "a-z A-Z 0-9 _[]" -max_length 255 -type net
1
define_name_rules name_rule -map {{"\\*cell\\*" "cell"}}
1
define_name_rules name_rule -case_insensitive
1
change_names -hierarchy -rules name_rule
1
#======================================================
#  (H) Output Results
#======================================================
set verilogout_higher_designs_first true
true
write -format verilog -output Netlist/$DESIGN\_SYN.v -hierarchy
Writing verilog file '/RAID2/COURSE/iclab/iclab131/Lab11/02_SYN/Netlist/TMIP_SYN.v'.
1
write -format ddc     -hierarchy -output $DESIGN\_SYN.ddc
Writing ddc file 'TMIP_SYN.ddc'.
1
write_sdf -version 3.0 -context verilog -load_delay cell Netlist/$DESIGN\_SYN.sdf -significant_digits 6
Information: Writing timing information to file '/RAID2/COURSE/iclab/iclab131/Lab11/02_SYN/Netlist/TMIP_SYN.sdf'. (WT-3)
Information: Updating design information... (UID-85)
Warning: Design 'TMIP' contains 1 high-fanout nets. A fanout number of 1000 will be used for delay calculations involving these nets. (TIM-134)
1
write_sdc Netlist/$DESIGN\_SYN.sdc
1
#======================================================
#  (I) Finish and Quit
#======================================================
report_area
 
****************************************
Report : area
Design : TMIP
Version: T-2022.03
Date   : Thu Nov 28 12:58:25 2024
****************************************

Library(s) Used:

    fsa0m_a_generic_core_ss1p62v125c (File: /RAID2/COURSE/iclab/iclabTA01/UMC018_CBDK/CIC/SynopsysDC/db/fsa0m_a_generic_core_ss1p62v125c.db)
    MEM_gray_max_WC (File: /RAID2/COURSE/iclab/iclab131/Lab11/04_MEM/MEM_gray_max_WC.db)

Number of ports:                           27
Number of nets:                         23638
Number of cells:                        21091
Number of combinational cells:          18425
Number of sequential cells:              2663
Number of macros/black boxes:               3
Number of buf/inv:                       1399
Number of references:                     128

Combinational area:             325791.650118
Buf/Inv area:                    14361.580708
Noncombinational area:          149021.710499
Macro/Black Box area:           131238.750000
Net Interconnect area:      undefined  (Wire load has zero net area)

Total cell area:                606052.110617
Total area:                 undefined
1
report_timing 
 
****************************************
Report : timing
        -path full
        -delay max
        -max_paths 1
Design : TMIP
Version: T-2022.03
Date   : Thu Nov 28 12:58:25 2024
****************************************

 # A fanout number of 1000 was used for high fanout net computations.

Operating Conditions: WCCOM   Library: fsa0m_a_generic_core_ss1p62v125c
Wire Load Model Mode: top

  Startpoint: i_row_reg_0_
              (rising edge-triggered flip-flop clocked by clk)
  Endpoint: A67_shift_reg_0__7_
            (rising edge-triggered flip-flop clocked by clk)
  Path Group: clk
  Path Type: max

  Des/Clust/Port     Wire Load Model       Library
  ------------------------------------------------
  TMIP               G5K                   fsa0m_a_generic_core_ss1p62v125c

  Point                                    Incr       Path
  -----------------------------------------------------------
  clock clk (rise edge)                    0.00       0.00
  clock network delay (ideal)              0.00       0.00
  i_row_reg_0_/CK (QDFFRBT)                0.00 #     0.00 r
  i_row_reg_0_/Q (QDFFRBT)                 0.54       0.54 r
  U16985/O (OR2T)                          0.26       0.80 r
  U16476/O (NR2)                           0.08       0.88 f
  U16482/O (BUF2)                          0.24       1.11 f
  U14997/O (INV6)                          0.16       1.28 r
  U14961/O (INV1S)                         0.14       1.42 f
  U13993/O (INV2)                          0.18       1.60 r
  U14960/O (INV8)                          0.26       1.86 f
  U17051/O (AOI22S)                        0.24       2.10 r
  U17054/O (ND3S)                          0.18       2.28 f
  U16828/O (NR2)                           0.32       2.59 r
  U13911/O (MOAI1S)                        0.19       2.78 f
  U19709/O (NR2)                           0.21       2.99 r
  U19712/O (ND3)                           0.19       3.18 f
  U19719/O (NR2T)                          0.19       3.37 r
  U19720/O (INV2)                          0.13       3.50 f
  U19721/O (AOI22S)                        0.22       3.72 r
  U15039/O (ND2S)                          0.14       3.86 f
  U14826/O (AOI12H)                        0.20       4.07 r
  U19723/O (ND3HT)                         0.19       4.26 f
  U19724/O (ND2F)                          0.21       4.47 r
  U23331/O (MAOI1)                         0.26       4.73 r
  U23332/O (OAI22S)                        0.13       4.86 f
  U23333/O (OAI12HS)                       0.12       4.97 r
  U15368/O (OAI112HS)                      0.17       5.15 f
  U23334/O (AOI22S)                        0.24       5.39 r
  U23335/O (OAI22S)                        0.17       5.56 f
  U14827/O (OAI12H)                        0.11       5.67 r
  U23336/O (OAI12HS)                       0.23       5.90 f
  U23360/O (MOAI1)                         0.34       6.24 f
  U14852/O (OR2)                           0.28       6.52 f
  U23364/O (OAI12HS)                       0.14       6.66 r
  U23371/OB (MXL2HS)                       0.15       6.81 f
  U14456/O (MUXB2)                         0.42       7.23 r
  U14455/O (INV1)                          0.11       7.34 f
  U23428/O (ND3HT)                         0.17       7.51 r
  U23433/O (INV1S)                         0.11       7.62 f
  U23434/O (AN2T)                          0.27       7.90 f
  U23435/O (AOI22S)                        0.17       8.07 r
  U16499/O (OA112S)                        0.34       8.41 r
  U23504/O (OAI222S)                       0.21       8.62 f
  A67_shift_reg_0__7_/D (QDFFS)            0.00       8.62 f
  data arrival time                                   8.62

  clock clk (rise edge)                    8.90       8.90
  clock network delay (ideal)              0.00       8.90
  clock uncertainty                       -0.10       8.80
  A67_shift_reg_0__7_/CK (QDFFS)           0.00       8.80 r
  library setup time                      -0.18       8.62
  data required time                                  8.62
  -----------------------------------------------------------
  data required time                                  8.62
  data arrival time                                  -8.62
  -----------------------------------------------------------
  slack (MET)                                         0.00


1
exit

Memory usage for this session 11083 Mbytes.
Memory usage for this session including child processes 12027 Mbytes.
CPU usage for this session 880 seconds ( 0.24 hours ).
Elapsed time for this session 579 seconds ( 0.16 hours ).

Thank you...

