ME3_C      | (2587.5, 1902.8)
ME3_C      | (2587.5, 2002.8)
ME3_C      | (2587.5, 2102.8)
ME3_C      | (2587.5, 2202.8)
ME3_C      | (2587.5, 2302.8)
ME3_C      | (2587.5, 2402.8)
ME3_C      | (2587.5, 2512.74)
ME3_C      | (2587.5, 2531.3)
ME3_C      | (2587.5, 2549.86)
ME3_C      | (2587.5, 2568.42)
ME3_C      | (2587.5, 2586.98)
ME3_C      | (2587.5, 1002.8)
ME3_C      | (2587.5, 1102.8)
ME3_C      | (2587.5, 1202.8)
ME3_C      | (2587.5, 1302.8)
ME3_C      | (2587.5, 1402.8)
ME3_C      | (2587.5, 1502.8)
ME3_C      | (2587.5, 1602.8)
ME3_C      | (2587.5, 1702.8)
ME3_C      | (2587.5, 1802.8)
ME3_C      | (2587.5, 739.76)
ME3_C      | (2587.5, 749.84)
ME3_C      | (2587.5, 759.92)
ME3_C      | (2587.5, 770)
ME3_C      | (2587.5, 780.08)
ME3_C      | (2587.5, 790.16)
ME3_C      | (2587.5, 157.98)
ME3_C      | (2587.5, 176.54)
ME3_C      | (2587.5, 195.1)
ME3_C      | (2587.5, 213.66)
ME3_C      | (2587.5, 232.22)
ME3_C      | (2587.5, 302.8)
ME3_C      | (2587.5, 402.8)
ME3_C      | (2587.5, 502.8)
ME3_C      | (2587.5, 602.8)
ME3_C      | (2587.5, 702.8)
ME3_C      | (2587.5, 802.8)
ME3_C      | (2587.5, 902.8)
ME3_C      | (232.29, 739.76)
ME3_C      | (232.29, 749.84)
ME3_C      | (232.29, 759.92)
ME3_C      | (232.29, 770)
ME3_C      | (232.29, 780.08)
ME3_C      | (232.29, 790.16)
ME1_C      | (838.796, 1.5)
ME1_C      | (876.743, 1.5)
ME2_C      | (838.796, 1.5)
ME2_C      | (876.743, 1.5)
ME3_C      | (838.796, 1.5)
ME3_C      | (876.743, 1.5)
ME4_C      | (838.796, 1.5)
ME4_C      | (876.743, 1.5)
ME5_C      | (838.796, 1.5)
ME5_C      | (876.743, 1.5)
ME1_C      | (1.5, 876.744)
ME1_C      | (1.5, 838.797)
ME2_C      | (1.5, 876.744)
ME2_C      | (1.5, 838.797)
ME3_C      | (1.5, 876.744)
ME3_C      | (1.5, 838.797)
ME4_C      | (1.5, 876.744)
ME4_C      | (1.5, 838.797)
ME5_C      | (1.5, 876.744)
ME5_C      | (1.5, 838.797)
ME1_C      | (876.744, 2743.86)
ME1_C      | (838.797, 2743.86)
ME2_C      | (876.744, 2743.86)
ME2_C      | (838.797, 2743.86)
ME3_C      | (876.744, 2743.86)
ME3_C      | (838.797, 2743.86)
ME4_C      | (876.744, 2743.86)
ME4_C      | (838.797, 2743.86)
ME5_C      | (876.744, 2743.86)
ME5_C      | (838.797, 2743.86)
ME1_C      | (2743.86, 838.796)
ME1_C      | (2743.86, 876.743)
ME2_C      | (2743.86, 838.796)
ME2_C      | (2743.86, 876.743)
ME3_C      | (2743.86, 838.796)
ME3_C      | (2743.86, 876.743)
ME4_C      | (2743.86, 838.796)
ME4_C      | (2743.86, 876.743)
ME5_C      | (2743.86, 838.796)
ME5_C      | (2743.86, 876.743)

Found 84 weakly connected metal segments.

