Command: vcs -timescale=1ns/1fs -j4 -sverilog +v2k -full64 -Mupdate -R -debug_access+all \
-y /usr/cad/synopsys/synthesis/cur/dw/sim_ver/ +libext+.v -f filelist.f -o simv -l \
vcs.log -P /usr/cad/synopsys/verdi/2019.06//share/PLI/VCS/linux64/novas.tab /usr/cad/synopsys/verdi/2019.06//share/PLI/VCS/linux64/pli.a \
+define+RTL +define+PERF +notimingchecks
*** Using c compiler gcc instead of cc ...
                         Chronologic VCS (TM)
         Version T-2022.06_Full64 -- Wed Nov 20 13:01:27 2024

                    Copyright (c) 1991 - 2022 Synopsys, Inc.
   This software and the associated documentation are proprietary to Synopsys,
 Inc. This software may only be used in accordance with the terms and conditions
 of a written license agreement with Synopsys, Inc. All other use, reproduction,
   or distribution of this software is strictly prohibited.  Licensed Products
     communicate with Synopsys servers for the purpose of providing software
    updates, detecting software piracy and verifying that customers are using
    Licensed Products in conformity with the applicable License Key for such
  Licensed Products. Synopsys will use information gathered in connection with
    this process to deliver software updates and pursue software pirates and
                                   infringers.

 Inclusivity & Diversity - Visit SolvNetPlus to read the "Synopsys Statement on
            Inclusivity and Diversity" (Refer to article 000036315 at
                        https://solvnetplus.synopsys.com)

Parsing design file 'TESTBED.v'
Parsing included file 'PATTERN.vp'.
Parsing included file '../00_TESTBED/pseudo_DRAM.v'.
Back to file 'PATTERN.vp'.
Back to file 'TESTBED.v'.
Parsing included file 'ISP.v'.
Back to file 'TESTBED.v'.
Parsing design file '../04_MEM/Memory_128_64.v'
Parsing design file '../04_MEM/Memory_64_128.v'
Parsing design file '../04_MEM/Memory_32_256.v'
Parsing design file '../04_MEM/Memory_16_512.v'
Parsing design file '../04_MEM/Memory_16_64.v'
Parsing design file '../04_MEM/DPSRAM_32_256.v'
Top Level Modules:
       TESTBED
       Memory_128_64
       Memory_64_128
       Memory_32_256
       Memory_16_512
       Memory_16_64
       DPSRAM_32_256
TimeScale is 10 ps / 1 ps
Starting vcs inline pass...


Note-[VCS_PARAL] Parallel code-gen enabled
  VCS is running with parallel code generation(-j)...

8 modules and 0 UDP read.
recompiling module Memory_128_64
recompiling module Memory_32_256
recompiling module DPSRAM_32_256
recompiling module Memory_16_512
recompiling module TESTBED
recompiling module Memory_16_64
recompiling module Memory_64_128
recompiling module PATTERN
All of 8 modules done
make[1]: Entering directory `/RAID2/COURSE/iclab/iclab131/Midterm_Project/Exercise/01_RTL/csrc' \

rm -f _cuarc*.so _csrc*.so pre_vcsobj_*.so share_vcsobj_*.so
if [ -x ../simv ]; then chmod a-x ../simv; fi
g++  -o ../simv      -rdynamic  -Wl,-rpath='$ORIGIN'/simv.daidir -Wl,-rpath=./simv.daidir \
-Wl,-rpath=/usr/cad/synopsys/vcs/2022.06/linux64/lib -L/usr/cad/synopsys/vcs/2022.06/linux64/lib \
-Wl,-rpath-link=./  /usr/lib64/libnuma.so.1   objs/amcQw_d.o   _242389_archive_1.so \
_242407_archive_1.so _242408_archive_1.so _242409_archive_1.so _prev_archive_1.so \
SIM_l.o      rmapats_mop.o rmapats.o rmar.o rmar_nd.o  rmar_llvm_0_1.o rmar_llvm_0_0.o \
-lvirsim -lerrorinf -lsnpsmalloc -lvfs /usr/cad/synopsys/verdi/2019.06//share/PLI/VCS/linux64/pli.a \
-lvcsnew -lsimprofile -luclinative /usr/cad/synopsys/vcs/2022.06/linux64/lib/vcs_tls.o \
-Wl,-whole-archive  -lvcsucli    -Wl,-no-whole-archive        _vcs_pli_stub_.o   \
/usr/cad/synopsys/vcs/2022.06/linux64/lib/vcs_save_restore_new.o /usr/cad/synopsys/verdi/2019.06//share/PLI/VCS/LINUX64/pli.a \
-ldl -lm  -lc -lpthread -ldl 
../simv up to date
make[1]: Leaving directory `/RAID2/COURSE/iclab/iclab131/Midterm_Project/Exercise/01_RTL/csrc' \

Command: /RAID2/COURSE/iclab/iclab131/Midterm_Project/Exercise/01_RTL/./simv +v2k +libext+.v -a vcs.log +define+RTL +define+PERF +notimingchecks
Chronologic VCS simulator copyright 1991-2022
Contains Synopsys proprietary information.
Compiler version T-2022.06_Full64; Runtime version T-2022.06_Full64;  Nov 20 13:01 2024
*Verdi* Loading libsscore_vcs201906.so
FSDB Dumper for VCS, Release Verdi_P-2019.06, Linux x86_64/64bit, 05/26/2019
(C) 1996 - 2019 by Synopsys, Inc.
***********************************************************************
*  ERROR -                                                            *
*  The simulator version is newer than the FSDB dumper version which  *
*  may cause abnormal behavior, please contact Synopsys support for   *
*  assistance.                                                        *
***********************************************************************
*Verdi* FSDB WARNING: The FSDB file already exists. Overwriting the FSDB file may crash the programs that are using this file.
*Verdi* : Create FSDB file 'ISP.fsdb'
*Verdi* : Begin traversing the scopes, layer (0).
*Verdi* : Enable +mda dumping.
*Verdi* : End of traversing.
[32mPass Pattern           0, Function: color auto exposure[0m
[32mPass Pattern           1, Function: color auto exposure[0m
[32mPass Pattern           2, Function: color auto exposure[0m
[32mPass Pattern           3, Function: color_auto_focus[0m
[32mPass Pattern           4, Function: color auto exposure[0m
[32mPass Pattern           5, Function: color_auto_focus[0m
[32mPass Pattern           6, Function: color_auto_focus[0m
[32mPass Pattern           7, Function: color auto exposure[0m
[32mPass Pattern           8, Function: color auto exposure[0m
[32mPass Pattern           9, Function: color auto exposure[0m
[32mPass Pattern          10, Function: color_auto_focus[0m
[32mPass Pattern          11, Function: color auto exposure[0m
[32mPass Pattern          12, Function: color_auto_focus[0m
[32mPass Pattern          13, Function: color auto exposure[0m
[32mPass Pattern          14, Function: color_auto_focus[0m
[32mPass Pattern          15, Function: color auto exposure[0m
[32mPass Pattern          16, Function: color auto exposure[0m
[32mPass Pattern          17, Function: color auto exposure[0m
[32mPass Pattern          18, Function: color_auto_focus[0m
[32mPass Pattern          19, Function: color_auto_focus[0m
[32mPass Pattern          20, Function: color auto exposure[0m
[32mPass Pattern          21, Function: color auto exposure[0m
[32mPass Pattern          22, Function: color_auto_focus[0m
[32mPass Pattern          23, Function: color_auto_focus[0m
[32mPass Pattern          24, Function: color auto exposure[0m
[32mPass Pattern          25, Function: color_auto_focus[0m
[32mPass Pattern          26, Function: color_auto_focus[0m
[32mPass Pattern          27, Function: color_auto_focus[0m
[32mPass Pattern          28, Function: color_auto_focus[0m
[32mPass Pattern          29, Function: color_auto_focus[0m
[32mPass Pattern          30, Function: color_auto_focus[0m
[32mPass Pattern          31, Function: color auto exposure[0m
[32mPass Pattern          32, Function: color_auto_focus[0m
[32mPass Pattern          33, Function: color auto exposure[0m
[32mPass Pattern          34, Function: color auto exposure[0m
[32mPass Pattern          35, Function: color_auto_focus[0m
[32mPass Pattern          36, Function: color auto exposure[0m
[32mPass Pattern          37, Function: color_auto_focus[0m
[32mPass Pattern          38, Function: color auto exposure[0m
[32mPass Pattern          39, Function: color auto exposure[0m
[32mPass Pattern          40, Function: color_auto_focus[0m
[32mPass Pattern          41, Function: color auto exposure[0m
[32mPass Pattern          42, Function: color auto exposure[0m
[32mPass Pattern          43, Function: color_auto_focus[0m
[32mPass Pattern          44, Function: color_auto_focus[0m
[32mPass Pattern          45, Function: color_auto_focus[0m
[32mPass Pattern          46, Function: color_auto_focus[0m
[32mPass Pattern          47, Function: color auto exposure[0m
[32mPass Pattern          48, Function: color auto exposure[0m
[32mPass Pattern          49, Function: color auto exposure[0m
[32mPass Pattern          50, Function: color_auto_focus[0m
[32mPass Pattern          51, Function: color_auto_focus[0m
[32mPass Pattern          52, Function: color auto exposure[0m
[32mPass Pattern          53, Function: color auto exposure[0m
[32mPass Pattern          54, Function: color_auto_focus[0m
[32mPass Pattern          55, Function: color auto exposure[0m
[32mPass Pattern          56, Function: color auto exposure[0m
[32mPass Pattern          57, Function: color_auto_focus[0m
[32mPass Pattern          58, Function: color_auto_focus[0m
[32mPass Pattern          59, Function: color_auto_focus[0m
[32mPass Pattern          60, Function: color auto exposure[0m
[32mPass Pattern          61, Function: color auto exposure[0m
[32mPass Pattern          62, Function: color auto exposure[0m
[32mPass Pattern          63, Function: color_auto_focus[0m
[32mPass Pattern          64, Function: color_auto_focus[0m
[32mPass Pattern          65, Function: color_auto_focus[0m
[32mPass Pattern          66, Function: color_auto_focus[0m
[32mPass Pattern          67, Function: color auto exposure[0m
[32mPass Pattern          68, Function: color_auto_focus[0m
[32mPass Pattern          69, Function: color auto exposure[0m
[32mPass Pattern          70, Function: color auto exposure[0m
[32mPass Pattern          71, Function: color_auto_focus[0m
[32mPass Pattern          72, Function: color auto exposure[0m
[32mPass Pattern          73, Function: color auto exposure[0m
[32mPass Pattern          74, Function: color auto exposure[0m
[32mPass Pattern          75, Function: color_auto_focus[0m
[32mPass Pattern          76, Function: color_auto_focus[0m
[32mPass Pattern          77, Function: color auto exposure[0m
[32mPass Pattern          78, Function: color_auto_focus[0m
[32mPass Pattern          79, Function: color auto exposure[0m
[32mPass Pattern          80, Function: color auto exposure[0m
[32mPass Pattern          81, Function: color_auto_focus[0m
[32mPass Pattern          82, Function: color_auto_focus[0m
[32mPass Pattern          83, Function: color auto exposure[0m
[32mPass Pattern          84, Function: color auto exposure[0m
[32mPass Pattern          85, Function: color_auto_focus[0m
[32mPass Pattern          86, Function: color auto exposure[0m
[32mPass Pattern          87, Function: color auto exposure[0m
[32mPass Pattern          88, Function: color auto exposure[0m
[32mPass Pattern          89, Function: color_auto_focus[0m
[32mPass Pattern          90, Function: color_auto_focus[0m
[32mPass Pattern          91, Function: color_auto_focus[0m
[32mPass Pattern          92, Function: color auto exposure[0m
[32mPass Pattern          93, Function: color_auto_focus[0m
[32mPass Pattern          94, Function: color_auto_focus[0m
[32mPass Pattern          95, Function: color auto exposure[0m
[32mPass Pattern          96, Function: color_auto_focus[0m
[32mPass Pattern          97, Function: color_auto_focus[0m
[32mPass Pattern          98, Function: color auto exposure[0m
[32mPass Pattern          99, Function: color auto exposure[0m
[32mPass Pattern         100, Function: color auto exposure[0m
[32mPass Pattern         101, Function: color_auto_focus[0m
[32mPass Pattern         102, Function: color auto exposure[0m
[32mPass Pattern         103, Function: color auto exposure[0m
[32mPass Pattern         104, Function: color auto exposure[0m
[32mPass Pattern         105, Function: color_auto_focus[0m
[32mPass Pattern         106, Function: color auto exposure[0m
[32mPass Pattern         107, Function: color_auto_focus[0m
[32mPass Pattern         108, Function: color auto exposure[0m
[32mPass Pattern         109, Function: color_auto_focus[0m
[32mPass Pattern         110, Function: color auto exposure[0m
[32mPass Pattern         111, Function: color_auto_focus[0m
[32mPass Pattern         112, Function: color auto exposure[0m
[32mPass Pattern         113, Function: color_auto_focus[0m
[32mPass Pattern         114, Function: color auto exposure[0m
[32mPass Pattern         115, Function: color_auto_focus[0m
[32mPass Pattern         116, Function: color_auto_focus[0m
[32mPass Pattern         117, Function: color auto exposure[0m
[32mPass Pattern         118, Function: color auto exposure[0m
[32mPass Pattern         119, Function: color auto exposure[0m
[32mPass Pattern         120, Function: color auto exposure[0m
[32mPass Pattern         121, Function: color auto exposure[0m
[32mPass Pattern         122, Function: color_auto_focus[0m
[32mPass Pattern         123, Function: color_auto_focus[0m
[32mPass Pattern         124, Function: color auto exposure[0m
[32mPass Pattern         125, Function: color_auto_focus[0m
[32mPass Pattern         126, Function: color_auto_focus[0m
[32mPass Pattern         127, Function: color auto exposure[0m
[32mPass Pattern         128, Function: color auto exposure[0m
[32mPass Pattern         129, Function: color_auto_focus[0m
[32mPass Pattern         130, Function: color_auto_focus[0m
[32mPass Pattern         131, Function: color auto exposure[0m
[32mPass Pattern         132, Function: color auto exposure[0m
[32mPass Pattern         133, Function: color auto exposure[0m
[32mPass Pattern         134, Function: color auto exposure[0m
[32mPass Pattern         135, Function: color_auto_focus[0m
[32mPass Pattern         136, Function: color auto exposure[0m
[32mPass Pattern         137, Function: color_auto_focus[0m
[32mPass Pattern         138, Function: color auto exposure[0m
[32mPass Pattern         139, Function: color_auto_focus[0m
[32mPass Pattern         140, Function: color auto exposure[0m
[32mPass Pattern         141, Function: color_auto_focus[0m
[32mPass Pattern         142, Function: color auto exposure[0m
[32mPass Pattern         143, Function: color_auto_focus[0m
[32mPass Pattern         144, Function: color auto exposure[0m
[32mPass Pattern         145, Function: color_auto_focus[0m
[32mPass Pattern         146, Function: color auto exposure[0m
[32mPass Pattern         147, Function: color_auto_focus[0m
[32mPass Pattern         148, Function: color auto exposure[0m
[32mPass Pattern         149, Function: color_auto_focus[0m
[32mPass Pattern         150, Function: color auto exposure[0m
[32mPass Pattern         151, Function: color auto exposure[0m
[32mPass Pattern         152, Function: color auto exposure[0m
[32mPass Pattern         153, Function: color_auto_focus[0m
[32mPass Pattern         154, Function: color auto exposure[0m
[32mPass Pattern         155, Function: color auto exposure[0m
[32mPass Pattern         156, Function: color_auto_focus[0m
[32mPass Pattern         157, Function: color auto exposure[0m
[32mPass Pattern         158, Function: color auto exposure[0m
[32mPass Pattern         159, Function: color_auto_focus[0m
[32mPass Pattern         160, Function: color_auto_focus[0m
[32mPass Pattern         161, Function: color_auto_focus[0m
[32mPass Pattern         162, Function: color_auto_focus[0m
[32mPass Pattern         163, Function: color_auto_focus[0m
[32mPass Pattern         164, Function: color auto exposure[0m
[32mPass Pattern         165, Function: color_auto_focus[0m
[32mPass Pattern         166, Function: color_auto_focus[0m
[32mPass Pattern         167, Function: color_auto_focus[0m
[32mPass Pattern         168, Function: color_auto_focus[0m
[32mPass Pattern         169, Function: color auto exposure[0m
[32mPass Pattern         170, Function: color auto exposure[0m
[32mPass Pattern         171, Function: color auto exposure[0m
[32mPass Pattern         172, Function: color auto exposure[0m
[32mPass Pattern         173, Function: color auto exposure[0m
[32mPass Pattern         174, Function: color_auto_focus[0m
[32mPass Pattern         175, Function: color auto exposure[0m
[32mPass Pattern         176, Function: color auto exposure[0m
[32mPass Pattern         177, Function: color auto exposure[0m
[32mPass Pattern         178, Function: color auto exposure[0m
[32mPass Pattern         179, Function: color auto exposure[0m
[32mPass Pattern         180, Function: color_auto_focus[0m
[32mPass Pattern         181, Function: color auto exposure[0m
[32mPass Pattern         182, Function: color_auto_focus[0m
[32mPass Pattern         183, Function: color_auto_focus[0m
[32mPass Pattern         184, Function: color auto exposure[0m
[32mPass Pattern         185, Function: color auto exposure[0m
[32mPass Pattern         186, Function: color_auto_focus[0m
[32mPass Pattern         187, Function: color_auto_focus[0m
[32mPass Pattern         188, Function: color auto exposure[0m
[32mPass Pattern         189, Function: color_auto_focus[0m
[32mPass Pattern         190, Function: color_auto_focus[0m
[32mPass Pattern         191, Function: color auto exposure[0m
[32mPass Pattern         192, Function: color auto exposure[0m
[32mPass Pattern         193, Function: color_auto_focus[0m
[32mPass Pattern         194, Function: color auto exposure[0m
[32mPass Pattern         195, Function: color auto exposure[0m
[32mPass Pattern         196, Function: color auto exposure[0m
[32mPass Pattern         197, Function: color auto exposure[0m
[32mPass Pattern         198, Function: color_auto_focus[0m
[32mPass Pattern         199, Function: color_auto_focus[0m
[32mPass Pattern         200, Function: color_auto_focus[0m
[32mPass Pattern         201, Function: color auto exposure[0m
[32mPass Pattern         202, Function: color_auto_focus[0m
[32mPass Pattern         203, Function: color_auto_focus[0m
[32mPass Pattern         204, Function: color auto exposure[0m
[32mPass Pattern         205, Function: color_auto_focus[0m
[32mPass Pattern         206, Function: color_auto_focus[0m
[32mPass Pattern         207, Function: color auto exposure[0m
[32mPass Pattern         208, Function: color auto exposure[0m
[32mPass Pattern         209, Function: color_auto_focus[0m
[32mPass Pattern         210, Function: color auto exposure[0m
[32mPass Pattern         211, Function: color auto exposure[0m
[32mPass Pattern         212, Function: color auto exposure[0m
[32mPass Pattern         213, Function: color_auto_focus[0m
[32mPass Pattern         214, Function: color auto exposure[0m
[32mPass Pattern         215, Function: color auto exposure[0m
[32mPass Pattern         216, Function: color_auto_focus[0m
[32mPass Pattern         217, Function: color_auto_focus[0m
[32mPass Pattern         218, Function: color auto exposure[0m
[32mPass Pattern         219, Function: color auto exposure[0m
[32mPass Pattern         220, Function: color_auto_focus[0m
[32mPass Pattern         221, Function: color auto exposure[0m
[32mPass Pattern         222, Function: color_auto_focus[0m
[32mPass Pattern         223, Function: color auto exposure[0m
[32mPass Pattern         224, Function: color auto exposure[0m
[32mPass Pattern         225, Function: color auto exposure[0m
[32mPass Pattern         226, Function: color_auto_focus[0m
[32mPass Pattern         227, Function: color auto exposure[0m
[32mPass Pattern         228, Function: color_auto_focus[0m
[32mPass Pattern         229, Function: color auto exposure[0m
[32mPass Pattern         230, Function: color_auto_focus[0m
[32mPass Pattern         231, Function: color_auto_focus[0m
[32mPass Pattern         232, Function: color_auto_focus[0m
[32mPass Pattern         233, Function: color auto exposure[0m
[32mPass Pattern         234, Function: color auto exposure[0m
[32mPass Pattern         235, Function: color auto exposure[0m
[32mPass Pattern         236, Function: color_auto_focus[0m
[32mPass Pattern         237, Function: color_auto_focus[0m
[32mPass Pattern         238, Function: color_auto_focus[0m
[32mPass Pattern         239, Function: color_auto_focus[0m
[32mPass Pattern         240, Function: color auto exposure[0m
[32mPass Pattern         241, Function: color_auto_focus[0m
[32mPass Pattern         242, Function: color_auto_focus[0m
[32mPass Pattern         243, Function: color auto exposure[0m
[32mPass Pattern         244, Function: color auto exposure[0m
[32mPass Pattern         245, Function: color auto exposure[0m
[32mPass Pattern         246, Function: color_auto_focus[0m
[32mPass Pattern         247, Function: color auto exposure[0m
[32mPass Pattern         248, Function: color_auto_focus[0m
[32mPass Pattern         249, Function: color auto exposure[0m
[32mPass Pattern         250, Function: color auto exposure[0m
[32mPass Pattern         251, Function: color auto exposure[0m
[32mPass Pattern         252, Function: color auto exposure[0m
[32mPass Pattern         253, Function: color_auto_focus[0m
[32mPass Pattern         254, Function: color_auto_focus[0m
[32mPass Pattern         255, Function: color auto exposure[0m
[32mPass Pattern         256, Function: color auto exposure[0m
[32mPass Pattern         257, Function: color_auto_focus[0m
[32mPass Pattern         258, Function: color_auto_focus[0m
[32mPass Pattern         259, Function: color_auto_focus[0m
[32mPass Pattern         260, Function: color auto exposure[0m
[32mPass Pattern         261, Function: color_auto_focus[0m
[32mPass Pattern         262, Function: color auto exposure[0m
[32mPass Pattern         263, Function: color_auto_focus[0m
[32mPass Pattern         264, Function: color_auto_focus[0m
[32mPass Pattern         265, Function: color auto exposure[0m
[32mPass Pattern         266, Function: color_auto_focus[0m
[32mPass Pattern         267, Function: color_auto_focus[0m
[32mPass Pattern         268, Function: color_auto_focus[0m
[32mPass Pattern         269, Function: color auto exposure[0m
[32mPass Pattern         270, Function: color_auto_focus[0m
[32mPass Pattern         271, Function: color auto exposure[0m
[32mPass Pattern         272, Function: color_auto_focus[0m
[32mPass Pattern         273, Function: color auto exposure[0m
[32mPass Pattern         274, Function: color_auto_focus[0m
[32mPass Pattern         275, Function: color_auto_focus[0m
[32mPass Pattern         276, Function: color auto exposure[0m
[32mPass Pattern         277, Function: color auto exposure[0m
[32mPass Pattern         278, Function: color_auto_focus[0m
[32mPass Pattern         279, Function: color_auto_focus[0m
[32mPass Pattern         280, Function: color auto exposure[0m
[32mPass Pattern         281, Function: color auto exposure[0m
[32mPass Pattern         282, Function: color_auto_focus[0m
[32mPass Pattern         283, Function: color auto exposure[0m
[32mPass Pattern         284, Function: color auto exposure[0m
[32mPass Pattern         285, Function: color auto exposure[0m
[32mPass Pattern         286, Function: color auto exposure[0m
[32mPass Pattern         287, Function: color_auto_focus[0m
[32mPass Pattern         288, Function: color_auto_focus[0m
[32mPass Pattern         289, Function: color_auto_focus[0m
[32mPass Pattern         290, Function: color_auto_focus[0m
[32mPass Pattern         291, Function: color auto exposure[0m
[32mPass Pattern         292, Function: color_auto_focus[0m
[32mPass Pattern         293, Function: color auto exposure[0m
[32mPass Pattern         294, Function: color_auto_focus[0m
[32mPass Pattern         295, Function: color_auto_focus[0m
[32mPass Pattern         296, Function: color auto exposure[0m
[32mPass Pattern         297, Function: color_auto_focus[0m
[32mPass Pattern         298, Function: color auto exposure[0m
[32mPass Pattern         299, Function: color_auto_focus[0m
[32mPass Pattern         300, Function: color auto exposure[0m
[32mPass Pattern         301, Function: color auto exposure[0m
[32mPass Pattern         302, Function: color_auto_focus[0m
[32mPass Pattern         303, Function: color auto exposure[0m
[32mPass Pattern         304, Function: color auto exposure[0m
[32mPass Pattern         305, Function: color auto exposure[0m
[32mPass Pattern         306, Function: color auto exposure[0m
[32mPass Pattern         307, Function: color_auto_focus[0m
[32mPass Pattern         308, Function: color auto exposure[0m
[32mPass Pattern         309, Function: color_auto_focus[0m
[32mPass Pattern         310, Function: color auto exposure[0m
[32mPass Pattern         311, Function: color auto exposure[0m
[32mPass Pattern         312, Function: color auto exposure[0m
[32mPass Pattern         313, Function: color auto exposure[0m
[32mPass Pattern         314, Function: color auto exposure[0m
[32mPass Pattern         315, Function: color auto exposure[0m
[32mPass Pattern         316, Function: color_auto_focus[0m
[32mPass Pattern         317, Function: color_auto_focus[0m
[32mPass Pattern         318, Function: color_auto_focus[0m
[32mPass Pattern         319, Function: color auto exposure[0m
[32mPass Pattern         320, Function: color_auto_focus[0m
[32mPass Pattern         321, Function: color_auto_focus[0m
[32mPass Pattern         322, Function: color_auto_focus[0m
[32mPass Pattern         323, Function: color_auto_focus[0m
[32mPass Pattern         324, Function: color auto exposure[0m
[32mPass Pattern         325, Function: color auto exposure[0m
[32mPass Pattern         326, Function: color auto exposure[0m
[32mPass Pattern         327, Function: color_auto_focus[0m
[32mPass Pattern         328, Function: color_auto_focus[0m
[32mPass Pattern         329, Function: color_auto_focus[0m
[32mPass Pattern         330, Function: color auto exposure[0m
[32mPass Pattern         331, Function: color auto exposure[0m
[32mPass Pattern         332, Function: color auto exposure[0m
[32mPass Pattern         333, Function: color_auto_focus[0m
[32mPass Pattern         334, Function: color auto exposure[0m
[32mPass Pattern         335, Function: color_auto_focus[0m
[32mPass Pattern         336, Function: color_auto_focus[0m
[32mPass Pattern         337, Function: color auto exposure[0m
[32mPass Pattern         338, Function: color auto exposure[0m
[32mPass Pattern         339, Function: color auto exposure[0m
[32mPass Pattern         340, Function: color_auto_focus[0m
[32mPass Pattern         341, Function: color auto exposure[0m
[32mPass Pattern         342, Function: color auto exposure[0m
[32mPass Pattern         343, Function: color auto exposure[0m
[32mPass Pattern         344, Function: color_auto_focus[0m
[32mPass Pattern         345, Function: color auto exposure[0m
[32mPass Pattern         346, Function: color_auto_focus[0m
[32mPass Pattern         347, Function: color_auto_focus[0m
[32mPass Pattern         348, Function: color_auto_focus[0m
[32mPass Pattern         349, Function: color auto exposure[0m
[32mPass Pattern         350, Function: color_auto_focus[0m
[32mPass Pattern         351, Function: color_auto_focus[0m
[32mPass Pattern         352, Function: color_auto_focus[0m
[32mPass Pattern         353, Function: color auto exposure[0m
[32mPass Pattern         354, Function: color auto exposure[0m
[32mPass Pattern         355, Function: color_auto_focus[0m
[32mPass Pattern         356, Function: color_auto_focus[0m
[32mPass Pattern         357, Function: color auto exposure[0m
[32mPass Pattern         358, Function: color_auto_focus[0m
[32mPass Pattern         359, Function: color_auto_focus[0m
[32mPass Pattern         360, Function: color auto exposure[0m
[32mPass Pattern         361, Function: color_auto_focus[0m
[32mPass Pattern         362, Function: color_auto_focus[0m
[32mPass Pattern         363, Function: color auto exposure[0m
[32mPass Pattern         364, Function: color auto exposure[0m
[32mPass Pattern         365, Function: color auto exposure[0m
[32mPass Pattern         366, Function: color_auto_focus[0m
[32mPass Pattern         367, Function: color_auto_focus[0m
[32mPass Pattern         368, Function: color auto exposure[0m
[32mPass Pattern         369, Function: color_auto_focus[0m
[32mPass Pattern         370, Function: color auto exposure[0m
[32mPass Pattern         371, Function: color auto exposure[0m
[32mPass Pattern         372, Function: color auto exposure[0m
[32mPass Pattern         373, Function: color_auto_focus[0m
[32mPass Pattern         374, Function: color auto exposure[0m
[32mPass Pattern         375, Function: color auto exposure[0m
[32mPass Pattern         376, Function: color_auto_focus[0m
[32mPass Pattern         377, Function: color auto exposure[0m
[32mPass Pattern         378, Function: color_auto_focus[0m
[32mPass Pattern         379, Function: color auto exposure[0m
[32mPass Pattern         380, Function: color auto exposure[0m
[32mPass Pattern         381, Function: color auto exposure[0m
[32mPass Pattern         382, Function: color_auto_focus[0m
[32mPass Pattern         383, Function: color auto exposure[0m
[32mPass Pattern         384, Function: color_auto_focus[0m
[32mPass Pattern         385, Function: color auto exposure[0m
[32mPass Pattern         386, Function: color auto exposure[0m
[32mPass Pattern         387, Function: color auto exposure[0m
[32mPass Pattern         388, Function: color auto exposure[0m
[32mPass Pattern         389, Function: color_auto_focus[0m
[32mPass Pattern         390, Function: color auto exposure[0m
[32mPass Pattern         391, Function: color_auto_focus[0m
[32mPass Pattern         392, Function: color auto exposure[0m
[32mPass Pattern         393, Function: color_auto_focus[0m
[32mPass Pattern         394, Function: color_auto_focus[0m
[32mPass Pattern         395, Function: color auto exposure[0m
[32mPass Pattern         396, Function: color_auto_focus[0m
[32mPass Pattern         397, Function: color auto exposure[0m
[32mPass Pattern         398, Function: color auto exposure[0m
[32mPass Pattern         399, Function: color auto exposure[0m
[32mPass Pattern         400, Function: color auto exposure[0m
*************************************************************************
*                         Congratulations!                              
*                Your execution cycles = 78705 cycles          
*                Your clock period = 10.0 ns          
*                Total Latency = 787050.0 ns          
*************************************************************************
$finish called from file "PATTERN.vp", line 53.
$finish at simulation time         799200000 ps
           V C S   S i m u l a t i o n   R e p o r t 
Time: 799200000 ps
CPU Time:      0.870 seconds;       Data structure size:   0.1Mb
Wed Nov 20 13:01:32 2024
CPU time: 1.280 seconds to compile + .506 seconds to elab + .453 seconds to link + .913 seconds in simulation
