################################################################################
#
# This file has been generated by SpyGlass:
#     Report Created by: iclab131
#     Report Created on: Fri Sep 20 10:28:57 2024
#     Working Directory: /RAID2/COURSE/iclab/iclab131/Lab02/Exercise/02_SYN
#     Report Location  : ./spyglass-1/Design_Read/spyglass_reports/SpyGlass/elab_summary.rpt
#     SpyGlass Version : SpyGlass_vU-2023.03
#     Policy Name      : SpyGlass(SpyGlass_vU-2023.03)
#     Comment          : This report contains RTL and Elaborated names along with parameter values
#
################################################################################

================================================================================
Elaborated Name: 'BB'
    (RTL Design Unit name: 'BB', ../01_RTL/BB.v:1)
     Parameters (Total: 3)
         IDLE  = 0 (default: 2'b00)
         START = 1 (default: 2'b01)
         DONE  = 2 (default: 2'b10)
================================================================================
