* Missing Cell Power-Grid Views

Cell Name
------------------------------------------------------------------


* Physically Disconnected Instances



* Instances with Floating Power Pins


* Disconnected Wire Segments

Layer           | Internal to Cell | Location (um)
------------------------------------------------------------------
ME6_C           | no               |(2743.86, 783.123)
ME6_C           | no               |(2743.86, 745.176)
ME5_C           | no               |(2743.86, 783.123)
ME5_C           | no               |(2743.86, 745.176)
ME4_C           | no               |(2743.86, 783.123)
ME4_C           | no               |(2743.86, 745.176)
ME3_C           | no               |(2743.86, 783.123)
ME3_C           | no               |(2743.86, 745.176)
ME2_C           | no               |(2743.86, 783.123)
ME2_C           | no               |(2743.86, 745.176)
ME1_C           | no               |(2743.86, 783.123)
ME1_C           | no               |(2743.86, 745.176)
ME6_C           | no               |(745.177, 2743.86)
ME6_C           | no               |(783.124, 2743.86)
ME5_C           | no               |(745.177, 2743.86)
ME5_C           | no               |(783.124, 2743.86)
ME4_C           | no               |(745.177, 2743.86)
ME4_C           | no               |(783.124, 2743.86)
ME3_C           | no               |(745.177, 2743.86)
ME3_C           | no               |(783.124, 2743.86)
ME2_C           | no               |(745.177, 2743.86)
ME2_C           | no               |(783.124, 2743.86)
ME1_C           | no               |(745.177, 2743.86)
ME1_C           | no               |(783.124, 2743.86)
ME6_C           | no               |(1.5, 745.177)
ME6_C           | no               |(1.5, 783.124)
ME5_C           | no               |(1.5, 745.177)
ME5_C           | no               |(1.5, 783.124)
ME4_C           | no               |(1.5, 745.177)
ME4_C           | no               |(1.5, 783.124)
ME3_C           | no               |(1.5, 745.177)
ME3_C           | no               |(1.5, 783.124)
ME2_C           | no               |(1.5, 745.177)
ME2_C           | no               |(1.5, 783.124)
ME1_C           | no               |(1.5, 745.177)
ME1_C           | no               |(1.5, 783.124)
ME6_C           | no               |(783.123, 1.5)
ME6_C           | no               |(745.176, 1.5)
ME5_C           | no               |(783.123, 1.5)
ME5_C           | no               |(745.176, 1.5)
ME4_C           | no               |(783.123, 1.5)
ME4_C           | no               |(745.176, 1.5)
ME3_C           | no               |(783.123, 1.5)
ME3_C           | no               |(745.176, 1.5)
ME2_C           | no               |(783.123, 1.5)
ME2_C           | no               |(745.176, 1.5)
ME1_C           | no               |(783.123, 1.5)
ME1_C           | no               |(745.176, 1.5)


* Weakly Connected Metal Segments

Layer      | Location (um)
------------------------------------------------------------------
ME3_C      | (2596.78, 1907.08)
ME3_C      | (2596.78, 2007.08)
ME3_C      | (2596.78, 2107.08)
ME3_C      | (2596.78, 2207.08)
ME3_C      | (2596.78, 2307.08)
ME3_C      | (2596.78, 2407.08)
ME3_C      | (2596.78, 2522.02)
ME3_C      | (2596.78, 2540.58)
ME3_C      | (2596.78, 2559.14)
ME3_C      | (2596.78, 2577.7)
ME3_C      | (2596.78, 2596.26)
ME3_C      | (2596.78, 1007.08)
ME3_C      | (2596.78, 1107.08)
ME3_C      | (2596.78, 1207.08)
ME3_C      | (2596.78, 1307.08)
ME3_C      | (2596.78, 1407.08)
ME3_C      | (2596.78, 1507.08)
ME3_C      | (2596.78, 1607.08)
ME3_C      | (2596.78, 1707.08)
ME3_C      | (2596.78, 1807.08)
ME3_C      | (2596.78, 754.88)
ME3_C      | (2596.78, 835.52)
ME3_C      | (2596.78, 845.6)
ME3_C      | (2596.78, 855.68)
ME3_C      | (2596.78, 865.76)
ME3_C      | (2596.78, 875.84)
ME3_C      | (2596.78, 885.92)
ME3_C      | (2596.78, 148.7)
ME3_C      | (2596.78, 167.26)
ME3_C      | (2596.78, 185.82)
ME3_C      | (2596.78, 204.38)
ME3_C      | (2596.78, 222.94)
ME3_C      | (2596.78, 307.08)
ME3_C      | (2596.78, 407.08)
ME3_C      | (2596.78, 507.08)
ME3_C      | (2596.78, 607.08)
ME3_C      | (2596.78, 707.08)
ME3_C      | (2596.78, 807.08)
ME3_C      | (2596.78, 907.08)
ME3_C      | (237.45, 754.88)
ME3_C      | (237.45, 835.52)
ME3_C      | (237.45, 845.6)
ME3_C      | (237.45, 855.68)
ME3_C      | (237.45, 865.76)
ME3_C      | (237.45, 875.84)
ME3_C      | (237.45, 885.92)
ME1_C      | (745.176, 1.5)
ME1_C      | (783.123, 1.5)
ME2_C      | (745.176, 1.5)
ME2_C      | (783.123, 1.5)
ME3_C      | (745.176, 1.5)
ME3_C      | (783.123, 1.5)
ME4_C      | (745.176, 1.5)
ME4_C      | (783.123, 1.5)
ME5_C      | (745.176, 1.5)
ME5_C      | (783.123, 1.5)
ME1_C      | (1.5, 783.124)
ME1_C      | (1.5, 745.177)
ME2_C      | (1.5, 783.124)
ME2_C      | (1.5, 745.177)
ME3_C      | (1.5, 783.124)
ME3_C      | (1.5, 745.177)
ME4_C      | (1.5, 783.124)
ME4_C      | (1.5, 745.177)
ME5_C      | (1.5, 783.124)
ME5_C      | (1.5, 745.177)
ME1_C      | (783.124, 2743.86)
ME1_C      | (745.177, 2743.86)
ME2_C      | (783.124, 2743.86)
ME2_C      | (745.177, 2743.86)
ME3_C      | (783.124, 2743.86)
ME3_C      | (745.177, 2743.86)
ME4_C      | (783.124, 2743.86)
ME4_C      | (745.177, 2743.86)
ME5_C      | (783.124, 2743.86)
ME5_C      | (745.177, 2743.86)
ME1_C      | (2743.86, 745.176)
ME1_C      | (2743.86, 783.123)
ME2_C      | (2743.86, 745.176)
ME2_C      | (2743.86, 783.123)
ME3_C      | (2743.86, 745.176)
ME3_C      | (2743.86, 783.123)
ME4_C      | (2743.86, 745.176)
ME4_C      | (2743.86, 783.123)
ME5_C      | (2743.86, 745.176)
ME5_C      | (2743.86, 783.123)

Found 86 weakly connected metal segments



* Dropped Voltage Sources

