                     Cell Name |     Power-Grid View |      Number of Instances
-------------------------------------------------------------------------------
                        AN2B1S |             StdCell |                        1
                          AN2S |             StdCell |                        8
                          AN3S |             StdCell |                        1
                        AO112S |             StdCell |                        6
                          AO12 |             StdCell |                        1
                         AO12S |             StdCell |                        7
                        AO222S |             StdCell |                        4
                         AO22S |             StdCell |                        2
                       AOI13HS |             StdCell |                       14
                        AOI22S |             StdCell |                      155
                          BUF1 |             StdCell |                        4
                          BUF2 |             StdCell |                        7
                        DFFRBS |             StdCell |                        1
                          FA1S |             StdCell |                       15
                       FILLER1 |             StdCell |                      619
                      FILLER16 |             StdCell |                      191
                       FILLER2 |             StdCell |                      582
                      FILLER32 |             StdCell |                       71
                       FILLER4 |             StdCell |                     1162
                      FILLER64 |             StdCell |                    25248
                       FILLER8 |             StdCell |                      300
                         GNDKD |               Early |                        4
                       INV12CK |             StdCell |                        5
                         INV1S |             StdCell |                      143
                          INV2 |             StdCell |                        2
                        INV4CK |             StdCell |                        1
                        INV6CK |             StdCell |                        1
                        INV8CK |             StdCell |                        4
                       MAO222S |             StdCell |                        3
                        MAOI1S |             StdCell |                        1
                        MOAI1S |             StdCell |                       75
                          ND2S |             StdCell |                      114
                          ND3S |             StdCell |                       49
                           NR2 |             StdCell |                      183
                           NR3 |             StdCell |                        5
                        OA112S |             StdCell |                        3
                         OA12S |             StdCell |                        6
                         OA13S |             StdCell |                        1
                        OA222S |             StdCell |                        1
                      OAI112HS |             StdCell |                       25
                       OAI12HS |             StdCell |                        9
                       OAI222S |             StdCell |                       78
                        OAI22S |             StdCell |                       25
                           OR2 |             StdCell |                        4
                        OR2B1S |             StdCell |                        2
                          OR2S |             StdCell |                       12
                          OR3S |             StdCell |                        2
                       QDFFRBN |             StdCell |                       81
                       QDFFRBS |             StdCell |                      176
